Сборка начата 09.11.2023 18:42:41.
Уровень детализации журнала: Normal.     1>Проект "D:\project\asm_2\asm_2\asm_2.vcxproj" в узле 2 (целевые объекты Build).
     1>InitializeBuildStatus:
         Обращение к "x64\Debug\asm_2.tlog\unsuccessfulbuild".
       _MASM:
         Assembling Source.asm...
         cmd.exe /C "C:\Users\fflly\AppData\Local\Temp\tmped1b4b48f0be4ba4bde71a45edf90dfc.cmd"
         ml64.exe /c /nologo /Zi /Fo"x64\Debug\Source.obj" /W3 /errorReport:prompt  /TaSource.asm
       Link:
         D:\Progi\Visla\VC\Tools\MSVC\14.35.32215\bin\HostX64\x64\link.exe /ERRORREPORT:PROMPT /OUT:"D:\project\asm_2\x64\Debug\asm_2.exe" /INCREMENTAL /ILK:"x64\Debug\asm_2.ilk" /NOLOGO kernel32.lib user32.lib gdi32.lib winspool.lib comdlg32.lib advapi32.lib shell32.lib ole32.lib oleaut32.lib uuid.lib odbc32.lib odbccp32.lib /MANIFEST /MANIFESTUAC:"level='asInvoker' uiAccess='false'" /manifest:embed /DEBUG /PDB:"D:\project\asm_2\x64\Debug\asm_2.pdb" /SUBSYSTEM:WINDOWS /TLBID:1 /DYNAMICBASE /NXCOMPAT /IMPLIB:"D:\project\asm_2\x64\Debug\asm_2.lib" /MACHINE:X64 x64\Debug\Source.obj
     1>LINK : error LNK2001: неразрешенный внешний символ WinMainCRTStartup.
     1>D:\project\asm_2\x64\Debug\asm_2.exe : fatal error LNK1120: неразрешенных внешних элементов: 1
     1>Сборка проекта "D:\project\asm_2\asm_2\asm_2.vcxproj" завершена (целевые объекты Build) с ошибкой.

Ошибка сборки.

       "D:\project\asm_2\asm_2\asm_2.vcxproj" (целевой объект Build ) (1) ->
       (Целевой объект Link) -> 
         LINK : error LNK2001: неразрешенный внешний символ WinMainCRTStartup.
         D:\project\asm_2\x64\Debug\asm_2.exe : fatal error LNK1120: неразрешенных внешних элементов: 1

    Предупреждений: 0
    Ошибок: 2

Прошло времени 00:00:00.48
