Microsoft (R) Macro Assembler Version 14.35.32217.1	    11/09/23 16:32:49
LP_asm.asm						     Page 1 - 1


				.586P					
				.MODEL FLAT, STDCALL			
					


 00000000			.CODE

 00000000			Sum PROC

 00000000  C3			ret

 00000001			Sum ENDP

				end Sum
Microsoft (R) Macro Assembler Version 14.35.32217.1	    11/09/23 16:32:49
LP_asm.asm						     Symbols 2 - 1




Segments and Groups:

                N a m e                 Size     Length   Align   Combine Class

FLAT . . . . . . . . . . . . . .	GROUP
_DATA  . . . . . . . . . . . . .	32 Bit	 00000000 Para	  Public  'DATA'	
_TEXT  . . . . . . . . . . . . .	32 Bit	 00000001 Para	  Public  'CODE'	


Procedures, parameters, and locals:

                N a m e                 Type     Value    Attr

Sum  . . . . . . . . . . . . . .	P Near	 00000000 _TEXT	Length= 00000001 Public STDCALL


Symbols:

                N a m e                 Type     Value    Attr

@CodeSize  . . . . . . . . . . .	Number	 00000000h   
@DataSize  . . . . . . . . . . .	Number	 00000000h   
@Interface . . . . . . . . . . .	Number	 00000003h   
@Model . . . . . . . . . . . . .	Number	 00000007h   
@code  . . . . . . . . . . . . .	Text   	 _TEXT
@data  . . . . . . . . . . . . .	Text   	 FLAT
@fardata?  . . . . . . . . . . .	Text   	 FLAT
@fardata . . . . . . . . . . . .	Text   	 FLAT
@stack . . . . . . . . . . . . .	Text   	 FLAT

	   0 Warnings
	   0 Errors
