Сборка начата 30.11.2023 20:05:39.
Уровень детализации журнала: Normal.     1>Проект "D:\project\asm_5\asm_5\asm_5.vcxproj" в узле 3 (целевые объекты Rebuild).
     1>_PrepareForClean:
         Файл "Debug\asm_5.tlog\asm_5.lastbuildstate" удаляется.
       InitializeBuildStatus:
         Создание "Debug\asm_5.tlog\unsuccessfulbuild", так как было задано "AlwaysCreate".
       _MASM:
         Assembling asm.asm...
         cmd.exe /C "C:\Users\fflly\AppData\Local\Temp\tmpff696808dc164a35a0767afbfc6b574b.cmd"
         ml.exe /c /nologo /Zi /Fo"Debug\asm.obj" /W3 /errorReport:prompt  /Taasm.asm
       Link:
         D:\Progi\Visla\VC\Tools\MSVC\14.35.32215\bin\HostX86\x86\link.exe /ERRORREPORT:PROMPT /OUT:"D:\project\asm_5\Debug\asm_5.exe" /INCREMENTAL /ILK:"Debug\asm_5.ilk" /NOLOGO kernel32.lib user32.lib gdi32.lib winspool.lib comdlg32.lib advapi32.lib shell32.lib ole32.lib oleaut32.lib uuid.lib odbc32.lib odbccp32.lib /MANIFEST /MANIFESTUAC:"level='asInvoker' uiAccess='false'" /manifest:embed /DEBUG /PDB:"D:\project\asm_5\Debug\asm_5.pdb" /SUBSYSTEM:CONSOLE /TLBID:1 /DYNAMICBASE /NXCOMPAT /IMPLIB:"D:\project\asm_5\Debug\asm_5.lib" /MACHINE:X86 ..\Debug\SE_asm01a.lib Debug\asm.obj
         asm_5.vcxproj -> D:\project\asm_5\Debug\asm_5.exe
       FinalizeBuildStatus:
         Файл "Debug\asm_5.tlog\unsuccessfulbuild" удаляется.
         Обращение к "Debug\asm_5.tlog\asm_5.lastbuildstate".
     1>Сборка проекта "D:\project\asm_5\asm_5\asm_5.vcxproj" завершена (целевые объекты Rebuild).

Сборка успешно завершена.
    Предупреждений: 0
    Ошибок: 0

Прошло времени 00:00:00.61
