Сборка начата 28.09.2023 14:40:40.
Уровень детализации журнала: Normal.     1>Проект "D:\project\SE_Lab17\SE_Lab17\SE_Lab17.vcxproj" в узле 2 (целевые объекты Build).
     1>InitializeBuildStatus:
         Создание "Debug\SE_Lab17.tlog\unsuccessfulbuild", так как было задано "AlwaysCreate".
       ClCompile:
         D:\Progi\Visla\VC\Tools\MSVC\14.35.32215\bin\HostX86\x86\CL.exe /c /ZI /JMC /nologo /W3 /WX- /diagnostics:column /sdl /Od /Oy- /D WIN32 /D _DEBUG /D _CONSOLE /D _UNICODE /D UNICODE /Gm- /EHsc /RTC1 /MDd /GS /fp:precise /Zc:wchar_t /Zc:forScope /Zc:inline /permissive- /Fo"Debug\\" /Fd"Debug\vc143.pdb" /external:W3 /Gd /TP /analyze- /FC /errorReport:prompt LexAnalysis.cpp
         LexAnalysis.cpp
     1>D:\project\SE_Lab17\SE_Lab17\LexAnalysis.cpp(22,28): warning C4018: <: несоответствие типов со знаком и без знака
     1>D:\project\SE_Lab17\SE_Lab17\LexAnalysis.cpp(24,22): warning C4244: =: преобразование "wchar_t" в "char", возможна потеря данных
     1>D:\project\SE_Lab17\SE_Lab17\LexAnalysis.cpp(337,13): warning C4018: <: несоответствие типов со знаком и без знака
     1>D:\project\SE_Lab17\SE_Lab17\LexAnalysis.cpp(366,32): warning C4018: <: несоответствие типов со знаком и без знака
     1>D:\project\SE_Lab17\SE_Lab17\LexAnalysis.cpp(383,13): warning C4018: <: несоответствие типов со знаком и без знака
     1>D:\project\SE_Lab17\SE_Lab17\LexAnalysis.cpp(401,15): warning C4018: <: несоответствие типов со знаком и без знака
     1>D:\project\SE_Lab17\SE_Lab17\LexAnalysis.cpp(409,40): warning C4018: <: несоответствие типов со знаком и без знака
     1>D:\project\SE_Lab17\SE_Lab17\LexAnalysis.cpp(424,44): warning C4018: <: несоответствие типов со знаком и без знака
     1>D:\project\SE_Lab17\SE_Lab17\LexAnalysis.cpp(443,15): warning C4018: <: несоответствие типов со знаком и без знака
     1>D:\project\SE_Lab17\SE_Lab17\LexAnalysis.cpp(452,44): warning C4018: <: несоответствие типов со знаком и без знака
     1>D:\project\SE_Lab17\SE_Lab17\LexAnalysis.cpp(468,44): warning C4018: <: несоответствие типов со знаком и без знака
     1>D:\project\SE_Lab17\SE_Lab17\LexAnalysis.cpp(482,43): warning C4018: <: несоответствие типов со знаком и без знака
       Link:
         D:\Progi\Visla\VC\Tools\MSVC\14.35.32215\bin\HostX86\x86\link.exe /ERRORREPORT:PROMPT /OUT:"D:\project\SE_Lab17\Debug\SE_Lab17.exe" /INCREMENTAL /ILK:"Debug\SE_Lab17.ilk" /NOLOGO kernel32.lib user32.lib gdi32.lib winspool.lib comdlg32.lib advapi32.lib shell32.lib ole32.lib oleaut32.lib uuid.lib odbc32.lib odbccp32.lib /MANIFEST /MANIFESTUAC:"level='asInvoker' uiAccess='false'" /manifest:embed /DEBUG /PDB:"D:\project\SE_Lab17\Debug\SE_Lab17.pdb" /SUBSYSTEM:CONSOLE /TLBID:1 /DYNAMICBASE /NXCOMPAT /IMPLIB:"D:\project\SE_Lab17\Debug\SE_Lab17.lib" /MACHINE:X86 Debug\Error.obj
         Debug\FST.obj
         Debug\In.obj
         Debug\IT.obj
         Debug\LexAnalysis.obj
         Debug\Log.obj
         Debug\LT.obj
         Debug\main.obj
         Debug\Out.obj
         Debug\Parm.obj
         SE_Lab17.vcxproj -> D:\project\SE_Lab17\Debug\SE_Lab17.exe
       FinalizeBuildStatus:
         Файл "Debug\SE_Lab17.tlog\unsuccessfulbuild" удаляется.
         Обращение к "Debug\SE_Lab17.tlog\SE_Lab17.lastbuildstate".
     1>Сборка проекта "D:\project\SE_Lab17\SE_Lab17\SE_Lab17.vcxproj" завершена (целевые объекты Build).

Сборка успешно завершена.

       "D:\project\SE_Lab17\SE_Lab17\SE_Lab17.vcxproj" (целевой объект Build ) (1) ->
       (Целевой объект ClCompile) -> 
         D:\project\SE_Lab17\SE_Lab17\LexAnalysis.cpp(22,28): warning C4018: <: несоответствие типов со знаком и без знака
         D:\project\SE_Lab17\SE_Lab17\LexAnalysis.cpp(24,22): warning C4244: =: преобразование "wchar_t" в "char", возможна потеря данных
         D:\project\SE_Lab17\SE_Lab17\LexAnalysis.cpp(337,13): warning C4018: <: несоответствие типов со знаком и без знака
         D:\project\SE_Lab17\SE_Lab17\LexAnalysis.cpp(366,32): warning C4018: <: несоответствие типов со знаком и без знака
         D:\project\SE_Lab17\SE_Lab17\LexAnalysis.cpp(383,13): warning C4018: <: несоответствие типов со знаком и без знака
         D:\project\SE_Lab17\SE_Lab17\LexAnalysis.cpp(401,15): warning C4018: <: несоответствие типов со знаком и без знака
         D:\project\SE_Lab17\SE_Lab17\LexAnalysis.cpp(409,40): warning C4018: <: несоответствие типов со знаком и без знака
         D:\project\SE_Lab17\SE_Lab17\LexAnalysis.cpp(424,44): warning C4018: <: несоответствие типов со знаком и без знака
         D:\project\SE_Lab17\SE_Lab17\LexAnalysis.cpp(443,15): warning C4018: <: несоответствие типов со знаком и без знака
         D:\project\SE_Lab17\SE_Lab17\LexAnalysis.cpp(452,44): warning C4018: <: несоответствие типов со знаком и без знака
         D:\project\SE_Lab17\SE_Lab17\LexAnalysis.cpp(468,44): warning C4018: <: несоответствие типов со знаком и без знака
         D:\project\SE_Lab17\SE_Lab17\LexAnalysis.cpp(482,43): warning C4018: <: несоответствие типов со знаком и без знака

    Предупреждений: 12
    Ошибок: 0

Прошло времени 00:00:04.67
