d:\project\se_lab17\se_lab17\debug\vc143.pdb
d:\project\se_lab17\se_lab17\debug\vc143.idb
d:\project\se_lab17\se_lab17\debug\parm.obj
d:\project\se_lab17\se_lab17\debug\out.obj
d:\project\se_lab17\se_lab17\debug\main.obj
d:\project\se_lab17\se_lab17\debug\lt.obj
d:\project\se_lab17\se_lab17\debug\log.obj
d:\project\se_lab17\se_lab17\debug\lexanalysis.obj
d:\project\se_lab17\se_lab17\debug\it.obj
d:\project\se_lab17\se_lab17\debug\in.obj
d:\project\se_lab17\se_lab17\debug\fst.obj
d:\project\se_lab17\se_lab17\debug\error.obj
d:\project\se_lab17\debug\se_lab17.exe
d:\project\se_lab17\se_lab17\debug\se_lab17.ilk
d:\project\se_lab17\debug\se_lab17.pdb
d:\project\se_lab17\se_lab17\debug\se_lab17.tlog\cl.command.1.tlog
d:\project\se_lab17\se_lab17\debug\se_lab17.tlog\cl.read.1.tlog
d:\project\se_lab17\se_lab17\debug\se_lab17.tlog\cl.write.1.tlog
d:\project\se_lab17\se_lab17\debug\se_lab17.tlog\link.command.1.tlog
d:\project\se_lab17\se_lab17\debug\se_lab17.tlog\link.read.1.tlog
d:\project\se_lab17\se_lab17\debug\se_lab17.tlog\link.write.1.tlog
