d:\project\asm_4\asm_4\x64\debug\vc143.pdb
d:\project\asm_4\asm_4\x64\debug\vc143.idb
d:\project\asm_4\asm_4\x64\debug\source.obj
d:\project\asm_4\asm_4\x64\debug\serialize.obj
d:\project\asm_4\asm_4\x64\debug\deserialize.obj
d:\project\asm_4\x64\debug\asm_4.pdb
d:\project\asm_4\asm_4\x64\debug\asm_4.tlog\cl.command.1.tlog
d:\project\asm_4\asm_4\x64\debug\asm_4.tlog\cl.read.1.tlog
d:\project\asm_4\asm_4\x64\debug\asm_4.tlog\cl.write.1.tlog
d:\project\asm_4\asm_4\x64\debug\asm_4.tlog\link-cvtres.read.1.tlog
d:\project\asm_4\asm_4\x64\debug\asm_4.tlog\link-cvtres.write.1.tlog
d:\project\asm_4\asm_4\x64\debug\asm_4.tlog\link-rc.read.1.tlog
d:\project\asm_4\asm_4\x64\debug\asm_4.tlog\link-rc.write.1.tlog
d:\project\asm_4\asm_4\x64\debug\asm_4.tlog\link.8672-cvtres.read.1.tlog
d:\project\asm_4\asm_4\x64\debug\asm_4.tlog\link.8672-cvtres.write.1.tlog
d:\project\asm_4\asm_4\x64\debug\asm_4.tlog\link.8672-rc.read.1.tlog
d:\project\asm_4\asm_4\x64\debug\asm_4.tlog\link.8672-rc.write.1.tlog
d:\project\asm_4\asm_4\x64\debug\asm_4.tlog\link.8672.read.1.tlog
d:\project\asm_4\asm_4\x64\debug\asm_4.tlog\link.8672.read.2.tlog
d:\project\asm_4\asm_4\x64\debug\asm_4.tlog\link.8672.write.1.tlog
d:\project\asm_4\asm_4\x64\debug\asm_4.tlog\link.command.1.tlog
d:\project\asm_4\asm_4\x64\debug\asm_4.tlog\link.read.1.tlog
d:\project\asm_4\asm_4\x64\debug\asm_4.tlog\link.read.2.tlog
d:\project\asm_4\asm_4\x64\debug\asm_4.tlog\link.write.1.tlog
