Сборка начата 30.11.2023 20:05:39.
Уровень детализации журнала: Normal.     1>Проект "D:\project\asm_5\SE_asm01c\SE_asm01c.vcxproj" в узле 4 (целевые объекты Rebuild).
     1>_PrepareForClean:
         Файл "Debug\SE_asm01c.tlog\SE_asm01c.lastbuildstate" удаляется.
       InitializeBuildStatus:
         Создание "Debug\SE_asm01c.tlog\unsuccessfulbuild", так как было задано "AlwaysCreate".
       ClCompile:
         D:\Progi\Visla\VC\Tools\MSVC\14.35.32215\bin\HostX86\x86\CL.exe /c /ZI /JMC /nologo /W3 /WX- /diagnostics:column /sdl /Od /Oy- /D WIN32 /D _DEBUG /D _CONSOLE /D _UNICODE /D UNICODE /Gm- /EHsc /RTC1 /MDd /GS /fp:precise /Zc:wchar_t /Zc:forScope /Zc:inline /permissive- /Fo"Debug\\" /Fd"Debug\vc143.pdb" /external:W3 /Gd /TP /analyze- /FC /errorReport:prompt Source.cpp
         Source.cpp
     1>D:\project\asm_5\SE_asm01c\Source.cpp(10,1): warning C4326: возвращаемый тип "main" должен быть "int", а не "void"
       Link:
         D:\Progi\Visla\VC\Tools\MSVC\14.35.32215\bin\HostX86\x86\link.exe /ERRORREPORT:PROMPT /OUT:"D:\project\asm_5\Debug\SE_asm01c.exe" /INCREMENTAL /ILK:"Debug\SE_asm01c.ilk" /NOLOGO kernel32.lib user32.lib gdi32.lib winspool.lib comdlg32.lib advapi32.lib shell32.lib ole32.lib oleaut32.lib uuid.lib odbc32.lib odbccp32.lib /MANIFEST /MANIFESTUAC:"level='asInvoker' uiAccess='false'" /manifest:embed /DEBUG /PDB:"D:\project\asm_5\Debug\SE_asm01c.pdb" /SUBSYSTEM:CONSOLE /TLBID:1 /DYNAMICBASE /NXCOMPAT /IMPLIB:"D:\project\asm_5\Debug\SE_asm01c.lib" /MACHINE:X86 ..\Debug\SE_asm01a.lib Debug\Source.obj
         SE_asm01c.vcxproj -> D:\project\asm_5\Debug\SE_asm01c.exe
       FinalizeBuildStatus:
         Файл "Debug\SE_asm01c.tlog\unsuccessfulbuild" удаляется.
         Обращение к "Debug\SE_asm01c.tlog\SE_asm01c.lastbuildstate".
     1>Сборка проекта "D:\project\asm_5\SE_asm01c\SE_asm01c.vcxproj" завершена (целевые объекты Rebuild).

Сборка успешно завершена.

       "D:\project\asm_5\SE_asm01c\SE_asm01c.vcxproj" (целевой объект Rebuild ) (1) ->
       (Целевой объект ClCompile) -> 
         D:\project\asm_5\SE_asm01c\Source.cpp(10,1): warning C4326: возвращаемый тип "main" должен быть "int", а не "void"

    Предупреждений: 1
    Ошибок: 0

Прошло времени 00:00:01.00
