Сборка начата 10.09.2023 21:47:49.
Уровень детализации журнала: Normal.     1>Проект "D:\project\SE_Lab16\SE_Lab16\SE_Lab16.vcxproj" в узле 2 (целевые объекты Build).
     1>InitializeBuildStatus:
         Создание "x64\Debug\SE_Lab16.tlog\unsuccessfulbuild", так как было задано "AlwaysCreate".
       ClCompile:
         D:\Progi\Visla\VC\Tools\MSVC\14.35.32215\bin\HostX64\x64\CL.exe /c /ZI /JMC /nologo /W3 /WX- /diagnostics:column /sdl /Od /D _DEBUG /D _CONSOLE /D _UNICODE /D UNICODE /Gm- /EHsc /RTC1 /MDd /GS /fp:precise /Zc:wchar_t /Zc:forScope /Zc:inline /permissive- /Fo"x64\Debug\\" /Fd"x64\Debug\vc143.pdb" /external:W3 /Gd /TP /FC /errorReport:prompt FST.cpp
         FST.cpp
     1>D:\project\SE_Lab16\SE_Lab16\FST.cpp(79,37): warning C4267: инициализация: преобразование из "size_t" в "short"; возможна потеря данных
       Link:
         D:\Progi\Visla\VC\Tools\MSVC\14.35.32215\bin\HostX64\x64\link.exe /ERRORREPORT:PROMPT /OUT:"D:\project\SE_Lab16\x64\Debug\SE_Lab16.exe" /INCREMENTAL /ILK:"x64\Debug\SE_Lab16.ilk" /NOLOGO kernel32.lib user32.lib gdi32.lib winspool.lib comdlg32.lib advapi32.lib shell32.lib ole32.lib oleaut32.lib uuid.lib odbc32.lib odbccp32.lib /MANIFEST /MANIFESTUAC:"level='asInvoker' uiAccess='false'" /manifest:embed /DEBUG /PDB:"D:\project\SE_Lab16\x64\Debug\SE_Lab16.pdb" /SUBSYSTEM:CONSOLE /TLBID:1 /DYNAMICBASE /NXCOMPAT /IMPLIB:"D:\project\SE_Lab16\x64\Debug\SE_Lab16.lib" /MACHINE:X64 x64\Debug\FST.obj
         x64\Debug\main.obj
         SE_Lab16.vcxproj -> D:\project\SE_Lab16\x64\Debug\SE_Lab16.exe
       FinalizeBuildStatus:
         Файл "x64\Debug\SE_Lab16.tlog\unsuccessfulbuild" удаляется.
         Обращение к "x64\Debug\SE_Lab16.tlog\SE_Lab16.lastbuildstate".
     1>Сборка проекта "D:\project\SE_Lab16\SE_Lab16\SE_Lab16.vcxproj" завершена (целевые объекты Build).

Сборка успешно завершена.

       "D:\project\SE_Lab16\SE_Lab16\SE_Lab16.vcxproj" (целевой объект Build ) (1) ->
       (Целевой объект ClCompile) -> 
         D:\project\SE_Lab16\SE_Lab16\FST.cpp(79,37): warning C4267: инициализация: преобразование из "size_t" в "short"; возможна потеря данных

    Предупреждений: 1
    Ошибок: 0

Прошло времени 00:00:00.83
