Сборка начата 09.11.2023 17:33:04.
Уровень детализации журнала: Normal.     1>Проект "D:\project\ASMConsole\ASMConsole\ASMConsole.vcxproj" в узле 2 (целевые объекты Build).
     1>InitializeBuildStatus:
         Создание "x64\Debug\ASMConsole.tlog\unsuccessfulbuild", так как было задано "AlwaysCreate".
       _MASM:
       Целевой объект "_MASM" пропускается, так как все выходные файлы актуальны по отношению к входным.
       ClCompile:
         D:\Progi\Visla\VC\Tools\MSVC\14.35.32215\bin\HostX64\x64\CL.exe /c /ZI /JMC /nologo /W3 /WX- /diagnostics:column /sdl /Od /D _DEBUG /D _CONSOLE /D _UNICODE /D UNICODE /Gm- /EHsc /RTC1 /MDd /GS /fp:precise /Zc:wchar_t /Zc:forScope /Zc:inline /permissive- /Fo"x64\Debug\\" /Fd"x64\Debug\vc143.pdb" /external:W3 /Gd /TP /FC /errorReport:prompt Source.cpp
         Source.cpp
       Link:
         D:\Progi\Visla\VC\Tools\MSVC\14.35.32215\bin\HostX64\x64\link.exe /ERRORREPORT:PROMPT /OUT:"D:\project\ASMConsole\x64\Debug\ASMConsole.exe" /INCREMENTAL /ILK:"x64\Debug\ASMConsole.ilk" /NOLOGO kernel32.lib user32.lib gdi32.lib winspool.lib comdlg32.lib advapi32.lib shell32.lib ole32.lib oleaut32.lib uuid.lib odbc32.lib odbccp32.lib /MANIFEST /MANIFESTUAC:"level='asInvoker' uiAccess='false'" /manifest:embed /DEBUG /PDB:"D:\project\ASMConsole\x64\Debug\ASMConsole.pdb" /SUBSYSTEM:CONSOLE /TLBID:1 /DYNAMICBASE /NXCOMPAT /IMPLIB:"D:\project\ASMConsole\x64\Debug\ASMConsole.lib" /MACHINE:X64 x64\Debug\Source.obj
         x64\Debug\asm1.obj
         ASMConsole.vcxproj -> D:\project\ASMConsole\x64\Debug\ASMConsole.exe
       FinalizeBuildStatus:
         Файл "x64\Debug\ASMConsole.tlog\unsuccessfulbuild" удаляется.
         Обращение к "x64\Debug\ASMConsole.tlog\ASMConsole.lastbuildstate".
     1>Сборка проекта "D:\project\ASMConsole\ASMConsole\ASMConsole.vcxproj" завершена (целевые объекты Build).

Сборка успешно завершена.
    Предупреждений: 0
    Ошибок: 0

Прошло времени 00:00:00.25
