d:\project\se_lab18\se_lab18\debug\se_lab18.pch
d:\project\se_lab18\se_lab18\debug\vc143.pdb
d:\project\se_lab18\se_lab18\debug\vc143.idb
d:\project\se_lab18\se_lab18\debug\error.obj
d:\project\se_lab18\se_lab18\debug\fst.obj
d:\project\se_lab18\se_lab18\debug\in.obj
d:\project\se_lab18\se_lab18\debug\it.obj
d:\project\se_lab18\se_lab18\debug\lexanalysis.obj
d:\project\se_lab18\se_lab18\debug\log.obj
d:\project\se_lab18\se_lab18\debug\lt.obj
d:\project\se_lab18\se_lab18\debug\out.obj
d:\project\se_lab18\se_lab18\debug\parm.obj
d:\project\se_lab18\se_lab18\debug\se_lab18.obj
d:\project\se_lab18\se_lab18\debug\mfst.obj
d:\project\se_lab18\se_lab18\debug\grb.obj
d:\project\se_lab18\se_lab18\debug\se_lab18.ilk
d:\project\se_lab18\debug\se_lab18.exe
d:\project\se_lab18\debug\se_lab18.pdb
d:\project\se_lab18\se_lab18\debug\se_lab18.tlog\cl.command.1.tlog
d:\project\se_lab18\se_lab18\debug\se_lab18.tlog\cl.read.1.tlog
d:\project\se_lab18\se_lab18\debug\se_lab18.tlog\cl.write.1.tlog
d:\project\se_lab18\se_lab18\debug\se_lab18.tlog\link.command.1.tlog
d:\project\se_lab18\se_lab18\debug\se_lab18.tlog\link.read.1.tlog
d:\project\se_lab18\se_lab18\debug\se_lab18.tlog\link.write.1.tlog
