Сборка начата 30.11.2023 20:05:39.
Уровень детализации журнала: Normal.     1>Проект "D:\project\asm_5\SE_asm01e\SE_asm01e.vcxproj" в узле 2 (целевые объекты Rebuild).
     1>_PrepareForClean:
         Файл "Debug\SE_asm01e.tlog\SE_asm01e.lastbuildstate" удаляется.
       InitializeBuildStatus:
         Обращение к "Debug\SE_asm01e.tlog\unsuccessfulbuild".
       _MASM:
         Assembling asm.asm...
         cmd.exe /C "C:\Users\fflly\AppData\Local\Temp\tmp16051e0ddfa347cf85585c61e059ffce.cmd"
         ml.exe /c /nologo /Zi /Fo"Debug\asm.obj" /W3 /errorReport:prompt  /Taasm.asm
       Link:
         D:\Progi\Visla\VC\Tools\MSVC\14.35.32215\bin\HostX86\x86\link.exe /ERRORREPORT:PROMPT /OUT:"D:\project\asm_5\Debug\SE_asm01e.exe" /INCREMENTAL /ILK:"Debug\SE_asm01e.ilk" /NOLOGO kernel32.lib user32.lib gdi32.lib winspool.lib comdlg32.lib advapi32.lib shell32.lib ole32.lib oleaut32.lib uuid.lib odbc32.lib odbccp32.lib /MANIFEST /MANIFESTUAC:"level='asInvoker' uiAccess='false'" /manifest:embed /DEBUG /PDB:"D:\project\asm_5\Debug\SE_asm01e.pdb" /SUBSYSTEM:CONSOLE /TLBID:1 /DYNAMICBASE /NXCOMPAT /IMPLIB:"D:\project\asm_5\Debug\SE_asm01e.lib" /MACHINE:X86 ..\Debug\SE_asm01d.lib Debug\asm.obj
         SE_asm01e.vcxproj -> D:\project\asm_5\Debug\SE_asm01e.exe
       FinalizeBuildStatus:
         Файл "Debug\SE_asm01e.tlog\unsuccessfulbuild" удаляется.
         Обращение к "Debug\SE_asm01e.tlog\SE_asm01e.lastbuildstate".
     1>Сборка проекта "D:\project\asm_5\SE_asm01e\SE_asm01e.vcxproj" завершена (целевые объекты Rebuild).

Сборка успешно завершена.
    Предупреждений: 0
    Ошибок: 0

Прошло времени 00:00:00.58
